2014-05-21T15:22:14.620+0200 [initandlisten] MongoDB starting : pid=10226 port=27019 dbpath=/data/rs3 64-bit host=peda-bohn-pc2
2014-05-21T15:22:14.620+0200 [initandlisten] db version v2.6.1
2014-05-21T15:22:14.620+0200 [initandlisten] git version: 4b95b086d2374bdcfcdf2249272fb552c9c726e8
2014-05-21T15:22:14.620+0200 [initandlisten] build info: Linux build14.nj1.10gen.cc 2.6.32-431.3.1.el6.x86_64 #1 SMP Fri Jan 3 21:39:27 UTC 2014 x86_64 BOOST_LIB_VERSION=1_49
2014-05-21T15:22:14.620+0200 [initandlisten] allocator: tcmalloc
2014-05-21T15:22:14.620+0200 [initandlisten] options: { net: { port: 27019 }, processManagement: { fork: true }, replication: { oplogSizeMB: 64, replSet: "m101" }, storage: { dbPath: "/data/rs3", smallFiles: true }, systemLog: { destination: "file", path: "3.log" } }
2014-05-21T15:22:14.682+0200 [initandlisten] journal dir=/data/rs3/journal
2014-05-21T15:22:14.683+0200 [initandlisten] recover : no journal files present, no recovery needed
2014-05-21T15:22:14.772+0200 [initandlisten] waiting for connections on port 27019
2014-05-21T15:22:14.779+0200 [rsStart] replSet can't get local.system.replset config from self or any seed (EMPTYCONFIG)
2014-05-21T15:22:14.779+0200 [rsStart] replSet info you may need to run replSetInitiate -- rs.initiate() in the shell -- if that is not already done
2014-05-21T15:22:15.779+0200 [rsStart] replSet can't get local.system.replset config from self or any seed (EMPTYCONFIG)
2014-05-21T15:22:16.779+0200 [rsStart] replSet can't get local.system.replset config from self or any seed (EMPTYCONFIG)
2014-05-21T15:22:17.780+0200 [rsStart] replSet can't get local.system.replset config from self or any seed (EMPTYCONFIG)
2014-05-21T15:22:18.780+0200 [rsStart] replSet can't get local.system.replset config from self or any seed (EMPTYCONFIG)
2014-05-21T15:22:19.780+0200 [rsStart] replSet can't get local.system.replset config from self or any seed (EMPTYCONFIG)
2014-05-21T15:22:20.781+0200 [rsStart] replSet can't get local.system.replset config from self or any seed (EMPTYCONFIG)
2014-05-21T15:22:21.781+0200 [rsStart] replSet can't get local.system.replset config from self or any seed (EMPTYCONFIG)
2014-05-21T15:22:22.781+0200 [rsStart] replSet can't get local.system.replset config from self or any seed (EMPTYCONFIG)
2014-05-21T15:22:23.781+0200 [rsStart] replSet can't get local.system.replset config from self or any seed (EMPTYCONFIG)
2014-05-21T15:22:24.782+0200 [rsStart] replSet can't get local.system.replset config from self or any seed (EMPTYCONFIG)
2014-05-21T15:22:25.782+0200 [rsStart] replSet can't get local.system.replset config from self or any seed (EMPTYCONFIG)
2014-05-21T15:22:26.782+0200 [rsStart] replSet can't get local.system.replset config from self or any seed (EMPTYCONFIG)
2014-05-21T15:22:27.783+0200 [rsStart] replSet can't get local.system.replset config from self or any seed (EMPTYCONFIG)
2014-05-21T15:22:28.783+0200 [rsStart] replSet can't get local.system.replset config from self or any seed (EMPTYCONFIG)
2014-05-21T15:22:29.783+0200 [rsStart] replSet can't get local.system.replset config from self or any seed (EMPTYCONFIG)
2014-05-21T15:22:30.208+0200 [initandlisten] connection accepted from 127.0.0.1:49029 #1 (1 connection now open)
2014-05-21T15:22:30.783+0200 [rsStart] trying to contact localhost:27017
2014-05-21T15:22:30.785+0200 [rsStart] replSet I am localhost:27019
2014-05-21T15:22:30.785+0200 [rsStart] replSet got config version 1 from a remote, saving locally
2014-05-21T15:22:30.785+0200 [rsStart] replSet info saving a newer config version to local.system.replset: { _id: "m101", version: 1, members: [ { _id: 0, host: "localhost:27017" }, { _id: 1, host: "localhost:27018" }, { _id: 2, host: "localhost:27019" } ] }
2014-05-21T15:22:30.786+0200 [rsStart] build index on: local.system.replset properties: { v: 1, key: { _id: 1 }, name: "_id_", ns: "local.system.replset" }
2014-05-21T15:22:30.786+0200 [rsStart] 	 added index to empty collection
2014-05-21T15:22:30.786+0200 [rsStart] replSet saveConfigLocally done
2014-05-21T15:22:30.787+0200 [rsStart] build index on: local.me properties: { v: 1, key: { _id: 1 }, name: "_id_", ns: "local.me" }
2014-05-21T15:22:30.787+0200 [rsStart] 	 added index to empty collection
2014-05-21T15:22:30.787+0200 [rsStart] replSet STARTUP2
2014-05-21T15:22:30.787+0200 [rsSync] ******
2014-05-21T15:22:30.787+0200 [rsSync] creating replication oplog of size: 64MB...
2014-05-21T15:22:30.787+0200 [FileAllocator] allocating new datafile /data/rs3/local.1, filling with zeroes...
2014-05-21T15:22:30.787+0200 [FileAllocator] creating directory /data/rs3/_tmp
2014-05-21T15:22:30.842+0200 [FileAllocator] done allocating datafile /data/rs3/local.1, size: 128MB,  took 0.025 secs
2014-05-21T15:22:30.868+0200 [rsSync] ******
2014-05-21T15:22:30.868+0200 [rsSync] replSet initial sync pending
2014-05-21T15:22:30.868+0200 [rsSync] replSet initial sync need a member to be primary or secondary to do our initial sync
2014-05-21T15:22:32.786+0200 [rsHealthPoll] replSet member localhost:27017 is up
2014-05-21T15:22:32.786+0200 [rsHealthPoll] replSet member localhost:27017 is now in state SECONDARY
2014-05-21T15:22:32.786+0200 [rsHealthPoll] replset info localhost:27018 thinks that we are down
2014-05-21T15:22:32.786+0200 [rsHealthPoll] replSet member localhost:27018 is up
2014-05-21T15:22:32.786+0200 [rsHealthPoll] replSet member localhost:27018 is now in state STARTUP2
2014-05-21T15:22:33.061+0200 [initandlisten] connection accepted from 127.0.0.1:49033 #2 (2 connections now open)
2014-05-21T15:22:38.334+0200 [conn1] replSet info voting yea for localhost:27017 (0)
2014-05-21T15:22:38.787+0200 [rsHealthPoll] replSet member localhost:27017 is now in state PRIMARY
2014-05-21T15:22:46.868+0200 [rsSync] replSet initial sync pending
2014-05-21T15:22:46.868+0200 [rsSync] replSet syncing to: localhost:27017
2014-05-21T15:22:46.870+0200 [rsSync] build index on: local.replset.minvalid properties: { v: 1, key: { _id: 1 }, name: "_id_", ns: "local.replset.minvalid" }
2014-05-21T15:22:46.870+0200 [rsSync] 	 added index to empty collection
2014-05-21T15:22:46.870+0200 [rsSync] replSet initial sync drop all databases
2014-05-21T15:22:46.870+0200 [rsSync] dropAllDatabasesExceptLocal 1
2014-05-21T15:22:46.870+0200 [rsSync] replSet initial sync clone all databases
2014-05-21T15:22:46.870+0200 [rsSync] replSet initial sync cloning db: admin
2014-05-21T15:22:46.871+0200 [rsSync] replSet initial sync data copy, starting syncup
2014-05-21T15:22:46.871+0200 [rsSync] oplog sync 1 of 3
2014-05-21T15:22:46.871+0200 [rsSync] oplog sync 2 of 3
2014-05-21T15:22:46.871+0200 [rsSync] replSet initial sync building indexes
2014-05-21T15:22:46.871+0200 [rsSync] replSet initial sync cloning indexes for : admin
2014-05-21T15:22:46.872+0200 [rsSync] oplog sync 3 of 3
2014-05-21T15:22:46.872+0200 [rsSync] replSet initial sync finishing up
2014-05-21T15:22:46.933+0200 [rsSync] replSet set minValid=537ca896:1
2014-05-21T15:22:46.934+0200 [rsSync] replSet RECOVERING
2014-05-21T15:22:46.934+0200 [rsSync] replSet initial sync done
2014-05-21T15:22:47.788+0200 [rsBackgroundSync] replSet syncing to: localhost:27017
2014-05-21T15:22:47.789+0200 [rsBackgroundSync] replset setting syncSourceFeedback to localhost:27017
2014-05-21T15:22:47.934+0200 [rsSync] replSet SECONDARY
2014-05-21T15:22:48.788+0200 [rsHealthPoll] replSet member localhost:27018 is now in state SECONDARY
2014-05-21T15:22:58.338+0200 [conn1] end connection 127.0.0.1:49029 (1 connection now open)
2014-05-21T15:22:58.338+0200 [initandlisten] connection accepted from 127.0.0.1:49045 #3 (3 connections now open)
2014-05-21T15:23:01.066+0200 [conn2] end connection 127.0.0.1:49033 (1 connection now open)
2014-05-21T15:23:01.067+0200 [initandlisten] connection accepted from 127.0.0.1:49047 #4 (2 connections now open)
2014-05-21T15:23:02.489+0200 [initandlisten] connection accepted from 127.0.0.1:49049 #5 (3 connections now open)
2014-05-21T15:23:02.491+0200 [conn5] end connection 127.0.0.1:49049 (2 connections now open)
2014-05-21T15:23:14.773+0200 [clientcursormon] mem (MB) res:31 virt:841
2014-05-21T15:23:14.773+0200 [clientcursormon]  mapped (incl journal view):320
2014-05-21T15:23:14.773+0200 [clientcursormon]  connections:2
2014-05-21T15:23:14.773+0200 [clientcursormon]  replication threads:32
2014-05-21T15:23:28.343+0200 [conn3] end connection 127.0.0.1:49045 (1 connection now open)
2014-05-21T15:23:28.343+0200 [initandlisten] connection accepted from 127.0.0.1:49056 #6 (3 connections now open)
2014-05-21T15:23:31.072+0200 [conn4] end connection 127.0.0.1:49047 (1 connection now open)
2014-05-21T15:23:31.072+0200 [initandlisten] connection accepted from 127.0.0.1:49058 #7 (2 connections now open)
